0 verbose cli [
0 verbose cli   '/usr/local/bin/node',
0 verbose cli   '/usr/local/bin/npm',
0 verbose cli   'install',
0 verbose cli   '--ignore-scripts',
0 verbose cli   '@types/testing-library__jest-dom@ts4.6',
0 verbose cli   '@types/react@ts4.6',
0 verbose cli   '@types/react-dom@ts4.6',
0 verbose cli   '--save-dev',
0 verbose cli   '--user-agent=typesInstaller/4.6.2'
0 verbose cli ]
1 info using npm@8.5.4
2 info using node@v16.14.0
3 timing npm:load:whichnode Completed in 0ms
4 timing config:load:defaults Completed in 2ms
5 timing config:load:file:/usr/local/lib/node_modules/npm/npmrc Completed in 1ms
6 timing config:load:builtin Completed in 2ms
7 timing config:load:cli Completed in 5ms
8 timing config:load:env Completed in 1ms
9 timing config:load:file:/home/stiven/.cache/typescript/4.6/.npmrc Completed in 1ms
10 timing config:load:project Completed in 5ms
11 timing config:load:file:/home/stiven/.npmrc Completed in 0ms
12 timing config:load:user Completed in 0ms
13 timing config:load:file:/usr/local/etc/npmrc Completed in 0ms
14 timing config:load:global Completed in 1ms
15 timing config:load:validate Completed in 1ms
16 timing config:load:credentials Completed in 1ms
17 timing config:load:setEnvs Completed in 2ms
18 timing config:load Completed in 20ms
19 timing npm:load:configload Completed in 20ms
20 timing npm:load:setTitle Completed in 1ms
21 timing config:load:flatten Completed in 2ms
22 timing npm:load:display Completed in 3ms
23 verbose logfile /home/stiven/.npm/_logs/2022-03-15T21_21_04_155Z-debug-0.log
24 timing npm:load:logFile Completed in 5ms
25 timing npm:load:timers Completed in 0ms
26 timing npm:load:configScope Completed in 0ms
27 timing npm:load Completed in 29ms
28 timing arborist:ctor Completed in 0ms
29 silly logfile start cleaning logs, removing 1 files
30 timing idealTree:init Completed in 15ms
31 timing arborist:ctor Completed in 0ms
32 http fetch GET 200 https://registry.npmjs.org/@types%2ftesting-library__jest-dom 31ms (cache hit)
33 http fetch GET 200 https://registry.npmjs.org/@types%2freact-dom 33ms (cache hit)
34 http fetch GET 200 https://registry.npmjs.org/@types%2freact 36ms (cache hit)
35 timing idealTree:userRequests Completed in 46ms
36 silly idealTree buildDeps
37 silly fetch manifest @types/testing-library__jest-dom@5.14.3
38 silly fetch manifest @types/react@17.0.40
39 silly fetch manifest @types/react-dom@17.0.13
40 silly placeDep ROOT @types/react@17.0.40 OK for:  want: 17.0.40
41 silly placeDep ROOT @types/react-dom@17.0.13 OK for:  want: 17.0.13
42 silly placeDep ROOT @types/testing-library__jest-dom@5.14.3 OK for:  want: 5.14.3
43 silly fetch manifest @types/prop-types@*
44 silly fetch manifest @types/scheduler@*
45 silly fetch manifest csstype@^3.0.2
46 silly fetch manifest @types/jest@*
47 http fetch GET 200 https://registry.npmjs.org/csstype 13ms (cache hit)
48 http fetch GET 200 https://registry.npmjs.org/@types%2fscheduler 16ms (cache hit)
49 http fetch GET 200 https://registry.npmjs.org/@types%2fprop-types 16ms (cache hit)
50 http fetch GET 200 https://registry.npmjs.org/@types%2fjest 15ms (cache hit)
51 timing idealTree:#root Completed in 32ms
52 silly placeDep ROOT @types/prop-types@15.7.4 OK for: @types/react@17.0.40 want: *
53 silly placeDep ROOT @types/scheduler@0.16.2 OK for: @types/react@17.0.40 want: *
54 silly placeDep ROOT csstype@3.0.11 OK for: @types/react@17.0.40 want: ^3.0.2
55 timing idealTree:node_modules/@types/react Completed in 6ms
56 timing idealTree:node_modules/@types/prop-types Completed in 0ms
57 timing idealTree:node_modules/@types/react-dom Completed in 0ms
58 timing idealTree:node_modules/@types/scheduler Completed in 0ms
59 silly placeDep ROOT @types/jest@27.4.1 OK for: @types/testing-library__jest-dom@5.14.3 want: *
60 silly fetch manifest jest-matcher-utils@^27.0.0
61 silly fetch manifest pretty-format@^27.0.0
62 http fetch GET 200 https://registry.npmjs.org/jest-matcher-utils 8ms (cache hit)
63 http fetch GET 200 https://registry.npmjs.org/pretty-format 11ms (cache hit)
64 timing idealTree:node_modules/@types/testing-library__jest-dom Completed in 21ms
65 silly placeDep ROOT jest-matcher-utils@27.5.1 OK for: @types/jest@27.4.1 want: ^27.0.0
66 silly placeDep ROOT pretty-format@27.5.1 OK for: @types/jest@27.4.1 want: ^27.0.0
67 silly fetch manifest chalk@^4.0.0
68 silly fetch manifest jest-diff@^27.5.1
69 silly fetch manifest jest-get-type@^27.5.1
70 silly fetch manifest ansi-regex@^5.0.1
71 silly fetch manifest ansi-styles@^5.0.0
72 silly fetch manifest react-is@^17.0.1
73 http fetch GET 200 https://registry.npmjs.org/chalk 21ms (cache hit)
74 http fetch GET 200 https://registry.npmjs.org/jest-diff 22ms (cache hit)
75 http fetch GET 200 https://registry.npmjs.org/ansi-regex 24ms (cache hit)
76 http fetch GET 200 https://registry.npmjs.org/ansi-styles 25ms (cache hit)
77 http fetch GET 200 https://registry.npmjs.org/jest-get-type 29ms (cache hit)
78 http fetch GET 200 https://registry.npmjs.org/react-is 32ms (cache hit)
79 timing idealTree:node_modules/@types/jest Completed in 42ms
80 timing idealTree:node_modules/csstype Completed in 0ms
81 silly placeDep ROOT chalk@4.1.2 OK for: jest-matcher-utils@27.5.1 want: ^4.0.0
82 silly placeDep ROOT jest-diff@27.5.1 OK for: jest-matcher-utils@27.5.1 want: ^27.5.1
83 silly placeDep ROOT jest-get-type@27.5.1 OK for: jest-matcher-utils@27.5.1 want: ^27.5.1
84 silly fetch manifest ansi-styles@^4.1.0
85 silly fetch manifest supports-color@^7.1.0
86 silly fetch manifest diff-sequences@^27.5.1
87 http fetch GET 200 https://registry.npmjs.org/supports-color 13ms (cache hit)
88 http fetch GET 200 https://registry.npmjs.org/diff-sequences 13ms (cache hit)
89 timing idealTree:node_modules/jest-matcher-utils Completed in 19ms
90 silly placeDep ROOT ansi-styles@4.3.0 OK for: chalk@4.1.2 want: ^4.1.0
91 silly placeDep ROOT supports-color@7.2.0 OK for: chalk@4.1.2 want: ^7.1.0
92 silly fetch manifest color-convert@^2.0.1
93 silly fetch manifest has-flag@^4.0.0
94 http fetch GET 200 https://registry.npmjs.org/color-convert 7ms (cache hit)
95 http fetch GET 200 https://registry.npmjs.org/has-flag 7ms (cache hit)
96 timing idealTree:node_modules/chalk Completed in 11ms
97 silly placeDep ROOT color-convert@2.0.1 OK for: ansi-styles@4.3.0 want: ^2.0.1
98 silly fetch manifest color-name@~1.1.4
99 http fetch GET 200 https://registry.npmjs.org/color-name 5ms (cache hit)
100 timing idealTree:node_modules/ansi-styles Completed in 7ms
101 silly placeDep ROOT color-name@1.1.4 OK for: color-convert@2.0.1 want: ~1.1.4
102 timing idealTree:node_modules/color-convert Completed in 2ms
103 timing idealTree:node_modules/color-name Completed in 0ms
104 silly placeDep ROOT diff-sequences@27.5.1 OK for: jest-diff@27.5.1 want: ^27.5.1
105 timing idealTree:node_modules/jest-diff Completed in 1ms
106 timing idealTree:node_modules/diff-sequences Completed in 0ms
107 timing idealTree:node_modules/jest-get-type Completed in 0ms
108 silly placeDep ROOT ansi-regex@5.0.1 OK for: pretty-format@27.5.1 want: ^5.0.1
109 silly placeDep node_modules/pretty-format ansi-styles@5.2.0 OK for: pretty-format@27.5.1 want: ^5.0.0
110 silly placeDep ROOT react-is@17.0.2 OK for: pretty-format@27.5.1 want: ^17.0.1
111 timing idealTree:node_modules/pretty-format Completed in 4ms
112 timing idealTree:node_modules/ansi-regex Completed in 0ms
113 timing idealTree:node_modules/react-is Completed in 0ms
114 silly placeDep ROOT has-flag@4.0.0 OK for: supports-color@7.2.0 want: ^4.0.0
115 timing idealTree:node_modules/supports-color Completed in 1ms
116 timing idealTree:node_modules/has-flag Completed in 0ms
117 timing idealTree:node_modules/pretty-format/node_modules/ansi-styles Completed in 0ms
118 timing idealTree:buildDeps Completed in 151ms
119 timing idealTree:fixDepFlags Completed in 1ms
120 timing idealTree Completed in 214ms
121 timing reify:loadTrees Completed in 216ms
122 timing reify:diffTrees Completed in 2ms
123 silly reify moves {}
124 timing reify:retireShallow Completed in 0ms
125 timing reify:createSparse Completed in 28ms
126 timing reify:loadBundles Completed in 0ms
127 silly audit bulk request {
127 silly audit   'types-registry': [ '0.1.584' ],
127 silly audit   '@types/react': [ '17.0.40' ],
127 silly audit   '@types/react-dom': [ '17.0.13' ],
127 silly audit   '@types/testing-library__jest-dom': [ '5.14.3' ],
127 silly audit   '@types/prop-types': [ '15.7.4' ],
127 silly audit   '@types/scheduler': [ '0.16.2' ],
127 silly audit   csstype: [ '3.0.11' ],
127 silly audit   '@types/jest': [ '27.4.1' ],
127 silly audit   'jest-matcher-utils': [ '27.5.1' ],
127 silly audit   'pretty-format': [ '27.5.1' ],
127 silly audit   chalk: [ '4.1.2' ],
127 silly audit   'jest-diff': [ '27.5.1' ],
127 silly audit   'jest-get-type': [ '27.5.1' ],
127 silly audit   'ansi-styles': [ '4.3.0', '5.2.0' ],
127 silly audit   'supports-color': [ '7.2.0' ],
127 silly audit   'color-convert': [ '2.0.1' ],
127 silly audit   'color-name': [ '1.1.4' ],
127 silly audit   'diff-sequences': [ '27.5.1' ],
127 silly audit   'ansi-regex': [ '5.0.1' ],
127 silly audit   'react-is': [ '17.0.2' ],
127 silly audit   'has-flag': [ '4.0.0' ]
127 silly audit }
128 timing reifyNode:node_modules/color-name Completed in 137ms
129 timing reifyNode:node_modules/@types/prop-types Completed in 139ms
130 timing reifyNode:node_modules/has-flag Completed in 140ms
131 timing reifyNode:node_modules/ansi-regex Completed in 141ms
132 timing reifyNode:node_modules/supports-color Completed in 141ms
133 timing reifyNode:node_modules/jest-get-type Completed in 141ms
134 timing reifyNode:node_modules/@types/scheduler Completed in 141ms
135 timing reifyNode:node_modules/ansi-styles Completed in 144ms
136 timing reifyNode:node_modules/pretty-format/node_modules/ansi-styles Completed in 145ms
137 timing reifyNode:node_modules/@types/testing-library__jest-dom Completed in 148ms
138 timing reifyNode:node_modules/@types/jest Completed in 150ms
139 timing reifyNode:node_modules/color-convert Completed in 152ms
140 timing reifyNode:node_modules/chalk Completed in 153ms
141 timing reifyNode:node_modules/react-is Completed in 156ms
142 timing reifyNode:node_modules/jest-matcher-utils Completed in 156ms
143 timing reifyNode:node_modules/diff-sequences Completed in 157ms
144 timing reifyNode:node_modules/@types/react-dom Completed in 157ms
145 timing reifyNode:node_modules/@types/react Completed in 162ms
146 timing reifyNode:node_modules/jest-diff Completed in 169ms
147 timing reifyNode:node_modules/pretty-format Completed in 171ms
148 timing reifyNode:node_modules/csstype Completed in 176ms
149 timing reify:unpack Completed in 177ms
150 timing reify:unretire Completed in 0ms
151 timing build:queue Completed in 3ms
152 timing build:deps Completed in 3ms
153 timing build Completed in 3ms
154 timing reify:build Completed in 3ms
155 timing reify:trash Completed in 0ms
156 timing reify:save Completed in 10ms
157 http fetch POST 200 https://registry.npmjs.org/-/npm/v1/security/advisories/bulk 440ms
158 timing auditReport:getReport Completed in 442ms
159 silly audit report {}
160 timing auditReport:init Completed in 0ms
161 timing reify:audit Completed in 444ms
162 timing reify Completed in 697ms
163 silly ADD node_modules/has-flag
164 silly ADD node_modules/react-is
165 silly ADD node_modules/ansi-regex
166 silly ADD node_modules/diff-sequences
167 silly ADD node_modules/color-name
168 silly ADD node_modules/color-convert
169 silly ADD node_modules/supports-color
170 silly ADD node_modules/ansi-styles
171 silly ADD node_modules/jest-get-type
172 silly ADD node_modules/jest-diff
173 silly ADD node_modules/chalk
174 silly ADD node_modules/pretty-format
175 silly ADD node_modules/pretty-format/node_modules/ansi-styles
176 silly ADD node_modules/jest-matcher-utils
177 silly ADD node_modules/@types/jest
178 silly ADD node_modules/csstype
179 silly ADD node_modules/@types/scheduler
180 silly ADD node_modules/@types/prop-types
181 silly ADD node_modules/@types/testing-library__jest-dom
182 silly ADD node_modules/@types/react-dom
183 silly ADD node_modules/@types/react
184 timing command:install Completed in 709ms
185 verbose exit 0
186 timing npm Completed in 969ms
187 info ok
