0 verbose cli [
0 verbose cli   '/usr/local/bin/node',
0 verbose cli   '/usr/local/bin/npm',
0 verbose cli   'install',
0 verbose cli   '--ignore-scripts',
0 verbose cli   'types-registry@latest'
0 verbose cli ]
1 info using npm@8.5.4
2 info using node@v16.14.0
3 timing npm:load:whichnode Completed in 0ms
4 timing config:load:defaults Completed in 2ms
5 timing config:load:file:/usr/local/lib/node_modules/npm/npmrc Completed in 1ms
6 timing config:load:builtin Completed in 2ms
7 timing config:load:cli Completed in 2ms
8 timing config:load:env Completed in 1ms
9 timing config:load:file:/home/stiven/.cache/typescript/4.6/.npmrc Completed in 0ms
10 timing config:load:project Completed in 12ms
11 timing config:load:file:/home/stiven/.npmrc Completed in 0ms
12 timing config:load:user Completed in 1ms
13 timing config:load:file:/usr/local/etc/npmrc Completed in 0ms
14 timing config:load:global Completed in 0ms
15 timing config:load:validate Completed in 0ms
16 timing config:load:credentials Completed in 1ms
17 timing config:load:setEnvs Completed in 1ms
18 timing config:load Completed in 22ms
19 timing npm:load:configload Completed in 22ms
20 timing npm:load:setTitle Completed in 1ms
21 timing config:load:flatten Completed in 4ms
22 timing npm:load:display Completed in 5ms
23 verbose logfile /home/stiven/.npm/_logs/2022-03-15T21_21_01_066Z-debug-0.log
24 timing npm:load:logFile Completed in 4ms
25 timing npm:load:timers Completed in 0ms
26 timing npm:load:configScope Completed in 0ms
27 timing npm:load Completed in 34ms
28 timing arborist:ctor Completed in 2ms
29 silly logfile start cleaning logs, removing 1 files
30 timing arborist:ctor Completed in 0ms
31 timing idealTree:init Completed in 16ms
32 http fetch GET 200 https://registry.npmjs.org/types-registry 873ms (cache miss)
33 timing idealTree:userRequests Completed in 884ms
34 silly idealTree buildDeps
35 silly fetch manifest types-registry@0.1.584
36 silly placeDep ROOT types-registry@0.1.584 OK for:  want: 0.1.584
37 timing idealTree:#root Completed in 7ms
38 timing idealTree:node_modules/types-registry Completed in 0ms
39 timing idealTree:buildDeps Completed in 10ms
40 timing idealTree:fixDepFlags Completed in 0ms
41 timing idealTree Completed in 913ms
42 timing reify:loadTrees Completed in 913ms
43 timing reify:diffTrees Completed in 1ms
44 silly reify moves {}
45 timing reify:retireShallow Completed in 0ms
46 timing reify:createSparse Completed in 2ms
47 timing reify:loadBundles Completed in 0ms
48 silly audit bulk request { 'types-registry': [ '0.1.584' ] }
49 silly tarball no local data for types-registry@https://registry.npmjs.org/types-registry/-/types-registry-0.1.584.tgz. Extracting by manifest.
50 http fetch POST 200 https://registry.npmjs.org/-/npm/v1/security/advisories/bulk 191ms
51 timing auditReport:getReport Completed in 192ms
52 silly audit report {}
53 timing auditReport:init Completed in 0ms
54 timing reify:audit Completed in 193ms
55 http fetch GET 200 https://registry.npmjs.org/types-registry/-/types-registry-0.1.584.tgz 334ms (cache miss)
56 timing reifyNode:node_modules/types-registry Completed in 345ms
57 timing reify:unpack Completed in 345ms
58 timing reify:unretire Completed in 0ms
59 timing build:queue Completed in 1ms
60 timing build:deps Completed in 1ms
61 timing build Completed in 1ms
62 timing reify:build Completed in 1ms
63 timing reify:trash Completed in 0ms
64 timing reify:save Completed in 6ms
65 timing reify Completed in 1281ms
66 silly ADD node_modules/types-registry
67 timing command:install Completed in 1288ms
68 verbose exit 0
69 timing npm Completed in 1607ms
70 info ok
