0 verbose cli [
0 verbose cli   '/usr/local/bin/node',
0 verbose cli   '/usr/local/bin/npm',
0 verbose cli   'install',
0 verbose cli   '--no-audit',
0 verbose cli   '--save',
0 verbose cli   '@testing-library/jest-dom@^5.14.1',
0 verbose cli   '@testing-library/react@^12.0.0',
0 verbose cli   '@testing-library/user-event@^13.2.1',
0 verbose cli   'web-vitals@^2.1.0'
0 verbose cli ]
1 info using npm@8.5.4
2 info using node@v16.14.0
3 timing npm:load:whichnode Completed in 1ms
4 timing config:load:defaults Completed in 1ms
5 timing config:load:file:/usr/local/lib/node_modules/npm/npmrc Completed in 1ms
6 timing config:load:builtin Completed in 1ms
7 timing config:load:cli Completed in 1ms
8 timing config:load:env Completed in 1ms
9 timing config:load:file:/home/stiven/personalProjects/test/.npmrc Completed in 1ms
10 timing config:load:project Completed in 4ms
11 timing config:load:file:/home/stiven/.npmrc Completed in 0ms
12 timing config:load:user Completed in 0ms
13 timing config:load:file:/usr/local/etc/npmrc Completed in 1ms
14 timing config:load:global Completed in 1ms
15 timing config:load:validate Completed in 0ms
16 timing config:load:credentials Completed in 1ms
17 timing config:load:setEnvs Completed in 0ms
18 timing config:load Completed in 11ms
19 timing npm:load:configload Completed in 12ms
20 timing npm:load:setTitle Completed in 0ms
21 timing config:load:flatten Completed in 3ms
22 timing npm:load:display Completed in 4ms
23 verbose logfile /home/stiven/.npm/_logs/2022-03-15T21_17_55_956Z-debug-0.log
24 timing npm:load:logFile Completed in 4ms
25 timing npm:load:timers Completed in 0ms
26 timing npm:load:configScope Completed in 0ms
27 timing npm:load Completed in 22ms
28 timing arborist:ctor Completed in 1ms
29 silly logfile start cleaning logs, removing 1 files
30 timing idealTree:init Completed in 709ms
31 timing idealTree:userRequests Completed in 2ms
32 silly idealTree buildDeps
33 silly fetch manifest @testing-library/jest-dom@^5.14.1
34 timing arborist:ctor Completed in 1ms
35 http fetch GET 200 https://registry.npmjs.org/@testing-library%2fjest-dom 1828ms (cache revalidated)
36 silly fetch manifest @testing-library/react@^12.0.0
37 http fetch GET 200 https://registry.npmjs.org/@testing-library%2freact 134ms (cache revalidated)
38 silly fetch manifest react@^17.0.2
39 http fetch GET 200 https://registry.npmjs.org/react 9ms (cache hit)
40 silly fetch manifest react-dom@^17.0.2
41 http fetch GET 200 https://registry.npmjs.org/react-dom 7ms (cache hit)
42 silly fetch manifest @testing-library/user-event@^13.2.1
43 http fetch GET 200 https://registry.npmjs.org/@testing-library%2fuser-event 268ms (cache revalidated)
44 silly fetch manifest @testing-library/dom@>=7.21.4
45 http fetch GET 200 https://registry.npmjs.org/@testing-library%2fdom 148ms (cache revalidated)
46 silly fetch manifest web-vitals@^2.1.0
47 http fetch GET 200 https://registry.npmjs.org/web-vitals 449ms (cache revalidated)
48 silly placeDep ROOT @testing-library/jest-dom@5.16.2 OK for: test@0.1.0 want: ^5.14.1
49 silly placeDep ROOT @testing-library/react@12.1.4 OK for: test@0.1.0 want: ^12.0.0
50 silly placeDep ROOT @testing-library/user-event@13.5.0 OK for: test@0.1.0 want: ^13.2.1
51 silly placeDep ROOT @testing-library/dom@8.11.3 OK for: @testing-library/user-event@13.5.0 want: >=7.21.4
52 silly placeDep ROOT web-vitals@2.1.4 OK for: test@0.1.0 want: ^2.1.0
53 silly fetch manifest @types/testing-library__jest-dom@^5.9.1
54 silly fetch manifest aria-query@^5.0.0
55 silly fetch manifest chalk@^3.0.0
56 silly fetch manifest css@^3.0.0
57 silly fetch manifest css.escape@^1.5.1
58 silly fetch manifest dom-accessibility-api@^0.5.6
59 silly fetch manifest redent@^3.0.0
60 silly fetch manifest @types/react-dom@*
61 silly fetch manifest @types/aria-query@^4.2.0
62 silly fetch manifest chalk@^4.1.0
63 silly fetch manifest dom-accessibility-api@^0.5.9
64 silly fetch manifest lz-string@^1.4.4
65 http fetch GET 200 https://registry.npmjs.org/aria-query 51ms (cache hit)
66 http fetch GET 200 https://registry.npmjs.org/chalk 51ms (cache hit)
67 http fetch GET 200 https://registry.npmjs.org/css 234ms (cache revalidated)
68 http fetch GET 200 https://registry.npmjs.org/css.escape 240ms (cache revalidated)
69 http fetch GET 200 https://registry.npmjs.org/dom-accessibility-api 245ms (cache revalidated)
70 http fetch GET 200 https://registry.npmjs.org/@types%2freact-dom 249ms (cache revalidated)
71 http fetch GET 200 https://registry.npmjs.org/lz-string 256ms (cache revalidated)
72 http fetch GET 200 https://registry.npmjs.org/@types%2faria-query 268ms (cache revalidated)
73 http fetch GET 200 https://registry.npmjs.org/redent 277ms (cache revalidated)
74 http fetch GET 200 https://registry.npmjs.org/@types%2ftesting-library__jest-dom 860ms (cache revalidated)
75 timing idealTree:#root Completed in 3758ms
76 silly placeDep ROOT @types/aria-query@4.2.2 OK for: @testing-library/dom@8.11.3 want: ^4.2.0
77 silly placeDep node_modules/@testing-library/dom aria-query@5.0.0 OK for: @testing-library/dom@8.11.3 want: ^5.0.0
78 silly placeDep node_modules/@testing-library/dom chalk@4.1.2 OK for: @testing-library/dom@8.11.3 want: ^4.1.0
79 silly placeDep ROOT dom-accessibility-api@0.5.13 OK for: @testing-library/dom@8.11.3 want: ^0.5.9
80 silly placeDep ROOT lz-string@1.4.4 OK for: @testing-library/dom@8.11.3 want: ^1.4.4
81 silly fetch manifest ansi-styles@^4.1.0
82 silly fetch manifest supports-color@^7.1.0
83 http fetch GET 200 https://registry.npmjs.org/ansi-styles 7ms (cache hit)
84 http fetch GET 200 https://registry.npmjs.org/supports-color 8ms (cache hit)
85 timing idealTree:node_modules/@testing-library/dom Completed in 16ms
86 silly placeDep ROOT @types/testing-library__jest-dom@5.14.3 OK for: @testing-library/jest-dom@5.16.2 want: ^5.9.1
87 silly placeDep node_modules/@testing-library/jest-dom aria-query@5.0.0 OK for: @testing-library/jest-dom@5.16.2 want: ^5.0.0
88 silly placeDep node_modules/@testing-library/jest-dom chalk@3.0.0 OK for: @testing-library/jest-dom@5.16.2 want: ^3.0.0
89 silly placeDep ROOT css@3.0.0 OK for: @testing-library/jest-dom@5.16.2 want: ^3.0.0
90 silly placeDep ROOT css.escape@1.5.1 OK for: @testing-library/jest-dom@5.16.2 want: ^1.5.1
91 silly placeDep ROOT redent@3.0.0 OK for: @testing-library/jest-dom@5.16.2 want: ^3.0.0
92 silly fetch manifest @types/jest@*
93 silly fetch manifest source-map@^0.6.1
94 silly fetch manifest source-map-resolve@^0.6.0
95 silly fetch manifest strip-indent@^3.0.0
96 http fetch GET 200 https://registry.npmjs.org/source-map 22ms (cache hit)
97 http fetch GET 200 https://registry.npmjs.org/source-map-resolve 98ms (cache revalidated)
98 http fetch GET 200 https://registry.npmjs.org/strip-indent 102ms (cache revalidated)
99 http fetch GET 200 https://registry.npmjs.org/@types%2fjest 113ms (cache revalidated)
100 timing idealTree:node_modules/@testing-library/jest-dom Completed in 122ms
101 silly placeDep ROOT @types/react-dom@17.0.13 OK for: @testing-library/react@12.1.4 want: *
102 silly fetch manifest @types/react@*
103 http fetch GET 200 https://registry.npmjs.org/@types%2freact 101ms (cache revalidated)
104 timing idealTree:node_modules/@testing-library/react Completed in 106ms
105 timing idealTree:node_modules/@testing-library/user-event Completed in 1ms
106 timing idealTree:node_modules/@types/aria-query Completed in 0ms
107 silly placeDep ROOT @types/react@17.0.40 OK for: @types/react-dom@17.0.13 want: *
108 silly fetch manifest @types/prop-types@*
109 silly fetch manifest @types/scheduler@*
110 silly fetch manifest csstype@^3.0.2
111 http fetch GET 200 https://registry.npmjs.org/@types%2fprop-types 99ms (cache revalidated)
112 http fetch GET 200 https://registry.npmjs.org/@types%2fscheduler 106ms (cache revalidated)
113 http fetch GET 200 https://registry.npmjs.org/csstype 106ms (cache revalidated)
114 timing idealTree:node_modules/@types/react-dom Completed in 111ms
115 silly placeDep ROOT @types/prop-types@15.7.4 OK for: @types/react@17.0.40 want: *
116 silly placeDep ROOT @types/scheduler@0.16.2 OK for: @types/react@17.0.40 want: *
117 silly placeDep ROOT csstype@3.0.11 OK for: @types/react@17.0.40 want: ^3.0.2
118 timing idealTree:node_modules/@types/react Completed in 4ms
119 timing idealTree:node_modules/@types/prop-types Completed in 0ms
120 timing idealTree:node_modules/@types/scheduler Completed in 0ms
121 silly placeDep ROOT @types/jest@27.4.1 OK for: @types/testing-library__jest-dom@5.14.3 want: *
122 timing idealTree:node_modules/@types/testing-library__jest-dom Completed in 1ms
123 timing idealTree:node_modules/@types/jest Completed in 0ms
124 silly placeDep node_modules/css source-map@0.6.1 OK for: css@3.0.0 want: ^0.6.1
125 silly placeDep ROOT source-map-resolve@0.6.0 OK for: css@3.0.0 want: ^0.6.0
126 silly fetch manifest atob@^2.1.2
127 silly fetch manifest decode-uri-component@^0.2.0
128 http fetch GET 200 https://registry.npmjs.org/atob 100ms (cache revalidated)
129 http fetch GET 200 https://registry.npmjs.org/decode-uri-component 103ms (cache revalidated)
130 timing idealTree:node_modules/css Completed in 107ms
131 timing idealTree:node_modules/css.escape Completed in 0ms
132 timing idealTree:node_modules/csstype Completed in 0ms
133 timing idealTree:node_modules/dom-accessibility-api Completed in 0ms
134 timing idealTree:node_modules/lz-string Completed in 0ms
135 silly placeDep ROOT strip-indent@3.0.0 OK for: redent@3.0.0 want: ^3.0.0
136 silly fetch manifest min-indent@^1.0.0
137 http fetch GET 200 https://registry.npmjs.org/min-indent 130ms (cache revalidated)
138 timing idealTree:node_modules/redent Completed in 132ms
139 silly placeDep ROOT atob@2.1.2 OK for: source-map-resolve@0.6.0 want: ^2.1.2
140 silly placeDep ROOT decode-uri-component@0.2.0 OK for: source-map-resolve@0.6.0 want: ^0.2.0
141 timing idealTree:node_modules/source-map-resolve Completed in 3ms
142 timing idealTree:node_modules/atob Completed in 0ms
143 timing idealTree:node_modules/decode-uri-component Completed in 0ms
144 silly placeDep ROOT min-indent@1.0.1 OK for: strip-indent@3.0.0 want: ^1.0.0
145 timing idealTree:node_modules/strip-indent Completed in 1ms
146 timing idealTree:node_modules/min-indent Completed in 0ms
147 timing idealTree:node_modules/web-vitals Completed in 0ms
148 timing idealTree:node_modules/@testing-library/dom/node_modules/aria-query Completed in 0ms
149 silly placeDep node_modules/@testing-library/dom ansi-styles@4.3.0 OK for: chalk@4.1.2 want: ^4.1.0
150 silly placeDep node_modules/@testing-library/dom supports-color@7.2.0 OK for: chalk@4.1.2 want: ^7.1.0
151 silly fetch manifest color-convert@^2.0.1
152 silly fetch manifest has-flag@^4.0.0
153 http fetch GET 200 https://registry.npmjs.org/color-convert 9ms (cache hit)
154 http fetch GET 200 https://registry.npmjs.org/has-flag 9ms (cache hit)
155 timing idealTree:node_modules/@testing-library/dom/node_modules/chalk Completed in 12ms
156 silly placeDep node_modules/@testing-library/dom color-convert@2.0.1 OK for: ansi-styles@4.3.0 want: ^2.0.1
157 silly fetch manifest color-name@~1.1.4
158 http fetch GET 200 https://registry.npmjs.org/color-name 3ms (cache hit)
159 timing idealTree:node_modules/@testing-library/dom/node_modules/ansi-styles Completed in 6ms
160 silly placeDep node_modules/@testing-library/dom color-name@1.1.4 OK for: color-convert@2.0.1 want: ~1.1.4
161 timing idealTree:node_modules/@testing-library/dom/node_modules/color-convert Completed in 1ms
162 timing idealTree:node_modules/@testing-library/dom/node_modules/color-name Completed in 0ms
163 silly placeDep node_modules/@testing-library/dom has-flag@4.0.0 OK for: supports-color@7.2.0 want: ^4.0.0
164 timing idealTree:node_modules/@testing-library/dom/node_modules/supports-color Completed in 1ms
165 timing idealTree:node_modules/@testing-library/dom/node_modules/has-flag Completed in 0ms
166 timing idealTree:node_modules/@testing-library/jest-dom/node_modules/aria-query Completed in 0ms
167 silly placeDep node_modules/@testing-library/jest-dom ansi-styles@4.3.0 OK for: chalk@3.0.0 want: ^4.1.0
168 silly placeDep node_modules/@testing-library/jest-dom supports-color@7.2.0 OK for: chalk@3.0.0 want: ^7.1.0
169 timing idealTree:node_modules/@testing-library/jest-dom/node_modules/chalk Completed in 1ms
170 silly placeDep node_modules/@testing-library/jest-dom color-convert@2.0.1 OK for: ansi-styles@4.3.0 want: ^2.0.1
171 timing idealTree:node_modules/@testing-library/jest-dom/node_modules/ansi-styles Completed in 1ms
172 silly placeDep node_modules/@testing-library/jest-dom color-name@1.1.4 OK for: color-convert@2.0.1 want: ~1.1.4
173 timing idealTree:node_modules/@testing-library/jest-dom/node_modules/color-convert Completed in 1ms
174 timing idealTree:node_modules/@testing-library/jest-dom/node_modules/color-name Completed in 0ms
175 silly placeDep node_modules/@testing-library/jest-dom has-flag@4.0.0 OK for: supports-color@7.2.0 want: ^4.0.0
176 timing idealTree:node_modules/@testing-library/jest-dom/node_modules/supports-color Completed in 1ms
177 timing idealTree:node_modules/@testing-library/jest-dom/node_modules/has-flag Completed in 0ms
178 timing idealTree:node_modules/css/node_modules/source-map Completed in 0ms
179 timing idealTree:buildDeps Completed in 4391ms
180 timing idealTree:fixDepFlags Completed in 17ms
181 timing idealTree Completed in 5137ms
182 timing reify:loadTrees Completed in 5138ms
183 timing reify:diffTrees Completed in 22ms
184 silly reify moves {}
185 timing reify:retireShallow Completed in 0ms
186 timing reify:createSparse Completed in 14ms
187 timing reify:loadBundles Completed in 0ms
188 verbose reify failed optional dependency /home/stiven/personalProjects/test/node_modules/fsevents
189 silly reify mark deleted [ '/home/stiven/personalProjects/test/node_modules/fsevents' ]
190 timing reifyNode:node_modules/fsevents Completed in 6ms
191 timing reifyNode:node_modules/min-indent Completed in 176ms
192 timing reifyNode:node_modules/decode-uri-component Completed in 176ms
193 timing reifyNode:node_modules/@types/prop-types Completed in 176ms
194 timing reifyNode:node_modules/css.escape Completed in 176ms
195 timing reifyNode:node_modules/@types/aria-query Completed in 177ms
196 timing reifyNode:node_modules/@testing-library/dom/node_modules/color-name Completed in 179ms
197 timing reifyNode:node_modules/@testing-library/jest-dom/node_modules/color-name Completed in 179ms
198 timing reifyNode:node_modules/strip-indent Completed in 182ms
199 timing reifyNode:node_modules/@types/scheduler Completed in 181ms
200 timing reifyNode:node_modules/redent Completed in 182ms
201 timing reifyNode:node_modules/@testing-library/dom/node_modules/has-flag Completed in 184ms
202 timing reifyNode:node_modules/@testing-library/dom/node_modules/supports-color Completed in 183ms
203 timing reifyNode:node_modules/@testing-library/jest-dom/node_modules/has-flag Completed in 184ms
204 timing reifyNode:node_modules/@testing-library/jest-dom/node_modules/supports-color Completed in 184ms
205 timing reifyNode:node_modules/@testing-library/dom/node_modules/ansi-styles Completed in 187ms
206 warn deprecated source-map-resolve@0.6.0: See https://github.com/lydell/source-map-resolve#deprecated
207 timing reifyNode:node_modules/source-map-resolve Completed in 191ms
208 timing reifyNode:node_modules/@types/testing-library__jest-dom Completed in 190ms
209 timing reifyNode:node_modules/@types/jest Completed in 192ms
210 timing reifyNode:node_modules/@testing-library/jest-dom/node_modules/ansi-styles Completed in 192ms
211 timing reifyNode:node_modules/@testing-library/dom/node_modules/color-convert Completed in 196ms
212 timing reifyNode:node_modules/@testing-library/jest-dom/node_modules/color-convert Completed in 196ms
213 timing reifyNode:node_modules/@testing-library/jest-dom/node_modules/chalk Completed in 200ms
214 timing reifyNode:node_modules/@testing-library/dom/node_modules/chalk Completed in 200ms
215 timing reifyNode:node_modules/atob Completed in 206ms
216 timing reifyNode:node_modules/@types/react-dom Completed in 207ms
217 timing reifyNode:node_modules/css Completed in 212ms
218 timing reifyNode:node_modules/@types/react Completed in 219ms
219 timing reifyNode:node_modules/lz-string Completed in 241ms
220 timing reifyNode:node_modules/@testing-library/jest-dom Completed in 254ms
221 timing reifyNode:node_modules/css/node_modules/source-map Completed in 292ms
222 timing reifyNode:node_modules/csstype Completed in 296ms
223 timing reifyNode:node_modules/dom-accessibility-api Completed in 309ms
224 timing reifyNode:node_modules/web-vitals Completed in 323ms
225 timing reifyNode:node_modules/@testing-library/user-event Completed in 363ms
226 timing reifyNode:node_modules/@testing-library/dom Completed in 400ms
227 timing reifyNode:node_modules/@testing-library/dom/node_modules/aria-query Completed in 427ms
228 timing reifyNode:node_modules/@testing-library/jest-dom/node_modules/aria-query Completed in 428ms
229 timing reifyNode:node_modules/@testing-library/react Completed in 433ms
230 timing reify:unpack Completed in 435ms
231 timing reify:unretire Completed in 0ms
232 timing build:queue Completed in 3ms
233 timing build:link:node_modules/atob Completed in 2ms
234 timing build:link:node_modules/lz-string Completed in 2ms
235 timing build:link Completed in 3ms
236 timing build:deps Completed in 6ms
237 timing build Completed in 6ms
238 timing reify:build Completed in 7ms
239 timing reify:trash Completed in 0ms
240 timing reify:save Completed in 200ms
241 timing reify Completed in 5875ms
242 silly ADD node_modules/min-indent
243 silly ADD node_modules/decode-uri-component
244 silly ADD node_modules/atob
245 silly ADD node_modules/strip-indent
246 silly ADD node_modules/source-map-resolve
247 silly ADD node_modules/@types/jest
248 silly ADD node_modules/csstype
249 silly ADD node_modules/@types/scheduler
250 silly ADD node_modules/@types/prop-types
251 silly ADD node_modules/@types/react
252 silly ADD node_modules/@types/react-dom
253 silly ADD node_modules/redent
254 silly ADD node_modules/css.escape
255 silly ADD node_modules/css
256 silly ADD node_modules/css/node_modules/source-map
257 silly ADD node_modules/@types/testing-library__jest-dom
258 silly ADD node_modules/lz-string
259 silly ADD node_modules/dom-accessibility-api
260 silly ADD node_modules/@types/aria-query
261 silly ADD node_modules/web-vitals
262 silly ADD node_modules/@testing-library/dom
263 silly ADD node_modules/@testing-library/dom/node_modules/has-flag
264 silly ADD node_modules/@testing-library/dom/node_modules/color-name
265 silly ADD node_modules/@testing-library/dom/node_modules/color-convert
266 silly ADD node_modules/@testing-library/dom/node_modules/supports-color
267 silly ADD node_modules/@testing-library/dom/node_modules/ansi-styles
268 silly ADD node_modules/@testing-library/dom/node_modules/chalk
269 silly ADD node_modules/@testing-library/dom/node_modules/aria-query
270 silly ADD node_modules/@testing-library/user-event
271 silly ADD node_modules/@testing-library/react
272 silly ADD node_modules/@testing-library/jest-dom
273 silly ADD node_modules/@testing-library/jest-dom/node_modules/has-flag
274 silly ADD node_modules/@testing-library/jest-dom/node_modules/color-name
275 silly ADD node_modules/@testing-library/jest-dom/node_modules/color-convert
276 silly ADD node_modules/@testing-library/jest-dom/node_modules/supports-color
277 silly ADD node_modules/@testing-library/jest-dom/node_modules/ansi-styles
278 silly ADD node_modules/@testing-library/jest-dom/node_modules/chalk
279 silly ADD node_modules/@testing-library/jest-dom/node_modules/aria-query
280 silly ADD
281 timing command:install Completed in 5891ms
282 verbose exit 0
283 timing npm Completed in 6057ms
284 info ok
